<?xml version="1.0" encoding="UTF-8"?>
<!-- Generated by org.testng.reporters.JUnitReportReporter -->
<testsuite hostname="NODE105" name="MavenPackage.ByeTest" tests="1" failures="0" timestamp="1 Sep 2016 06:59:21 GMT" time="12.505" errors="0">
  <testcase name="method" time="12.505" classname="MavenPackage.ByeTest"/>
</testsuite> <!-- MavenPackage.ByeTest -->
