<?xml version="1.0" encoding="UTF-8"?>
<!-- Generated by org.testng.reporters.JUnitReportReporter -->
<testsuite hostname="NODE105" name="MavenPackage.TataTest" tests="1" failures="0" timestamp="31 Aug 2016 09:00:50 GMT" time="8.453" errors="0">
  <testcase name="method" time="8.453" classname="MavenPackage.TataTest"/>
</testsuite> <!-- MavenPackage.TataTest -->
